TN:
SF:src/factories/gameboard-factory.js
FN:1,boardFactory
FN:6,receiveAttack
FN:9,hasShip
FN:12,allShipsSunk
FN:21,placeShip
FNF:5
FNH:5
FNDA:8,boardFactory
FNDA:5,receiveAttack
FNDA:1,hasShip
FNDA:2,allShipsSunk
FNDA:6,placeShip
DA:1,1
DA:2,8
DA:3,8
DA:4,800
DA:5,800
DA:6,8
DA:7,5
DA:8,5
DA:9,8
DA:10,1
DA:11,1
DA:12,8
DA:13,2
DA:14,2
DA:15,200
DA:16,2
DA:17,2
DA:18,200
DA:19,2
DA:20,2
DA:21,8
DA:22,6
DA:23,6
DA:24,6
DA:25,5
DA:26,15
DA:27,15
DA:28,15
DA:29,15
DA:30,6
DA:31,1
DA:32,3
DA:33,3
DA:34,3
DA:35,3
DA:36,1
DA:37,6
DA:38,6
DA:39,8
DA:40,8
DA:41,8
DA:42,8
DA:43,8
DA:44,8
DA:45,8
DA:46,8
DA:47,1
LF:47
LH:47
BRDA:1,0,0,8
BRDA:3,1,0,800
BRDA:6,2,0,5
BRDA:9,3,0,1
BRDA:12,4,0,2
BRDA:14,5,0,200
BRDA:15,6,0,6
BRDA:15,7,0,2
BRDA:21,8,0,6
BRDA:24,9,0,5
BRDA:25,10,0,15
BRDA:30,11,0,1
BRDA:31,12,0,3
BRF:13
BRH:13
end_of_record
TN:
SF:src/factories/player-factory.js
FN:1,playerFactory
FNF:1
FNH:0
FNDA:0,playerFactory
DA:1,1
DA:2,0
DA:3,0
DA:4,0
DA:5,0
DA:6,0
DA:7,0
DA:8,0
DA:9,0
DA:10,0
DA:11,1
LF:11
LH:2
BRF:0
BRH:0
end_of_record
TN:
SF:src/factories/ship-factroy.js
FN:1,shipFactory
FN:7,hit
FN:10,isSunk
FN:16,setHorizontally
FN:19,setVertically
FN:22,isHorizontal
FNF:6
FNH:6
FNDA:12,shipFactory
FNDA:4,hit
FNDA:2,isSunk
FNDA:3,setHorizontally
FNDA:1,setVertically
FNDA:8,isHorizontal
DA:1,1
DA:2,12
DA:3,12
DA:4,12
DA:5,34
DA:6,34
DA:7,12
DA:8,4
DA:9,4
DA:10,12
DA:11,2
DA:12,1
DA:13,1
DA:14,1
DA:15,1
DA:16,12
DA:17,3
DA:18,3
DA:19,12
DA:20,1
DA:21,1
DA:22,12
DA:23,8
DA:24,8
DA:25,12
DA:26,12
DA:27,12
DA:28,12
DA:29,12
DA:30,12
DA:31,12
DA:32,12
DA:33,12
DA:34,1
LF:34
LH:34
BRDA:1,0,0,12
BRDA:4,1,0,34
BRDA:7,2,0,4
BRDA:10,3,0,2
BRDA:11,4,0,1
BRDA:16,5,0,3
BRDA:19,6,0,1
BRDA:22,7,0,8
BRF:8
BRH:8
end_of_record
